android/build/intermediates/manifest_merge_blame_file/debug/processDebugMainManifest/manifest-merger-blame-debug-report.txt
1<?xml version="1.0" encoding="utf-8"?>
2<manifest xmlns:android="http://schemas.android.com/apk/res/android"
3    package="com.nminh123.martianrun"
4    android:versionCode="1"
5    android:versionName="1.0" >
6
7    <uses-sdk
8        android:minSdkVersion="19"
9        android:targetSdkVersion="34" />
10
11    <uses-feature
11-->Martian-Run/android/AndroidManifest.xml:5:5-78
12        android:glEsVersion="0x00020000"
12-->Martian-Run/android/AndroidManifest.xml:5:19-51
13        android:required="true" />
13-->Martian-Run/android/AndroidManifest.xml:5:52-75
14
15    <uses-permission android:name="android.permission.INTERNET" />
15-->Martian-Run/android/AndroidManifest.xml:6:5-66
15-->Martian-Run/android/AndroidManifest.xml:6:22-64
16    <uses-permission android:name="android.permission.ACCESS_NETWORK_STATE" />
16-->[com.google.android.gms:play-services-ads-lite:22.6.0] AndroidManifest.xml:25:5-79
16-->[com.google.android.gms:play-services-ads-lite:22.6.0] AndroidManifest.xml:25:22-76
17    <uses-permission android:name="com.google.android.gms.permission.AD_ID" />
17-->[com.google.android.gms:play-services-ads-lite:22.6.0] AndroidManifest.xml:26:5-79
17-->[com.google.android.gms:play-services-ads-lite:22.6.0] AndroidManifest.xml:26:22-76
18    <uses-permission android:name="android.permission.ACCESS_ADSERVICES_AD_ID" />
18-->[com.google.android.gms:play-services-ads-lite:22.6.0] AndroidManifest.xml:27:5-82
18-->[com.google.android.gms:play-services-ads-lite:22.6.0] AndroidManifest.xml:27:22-79
19    <uses-permission android:name="android.permission.ACCESS_ADSERVICES_ATTRIBUTION" />
19-->[com.google.android.gms:play-services-ads-lite:22.6.0] AndroidManifest.xml:28:5-88
19-->[com.google.android.gms:play-services-ads-lite:22.6.0] AndroidManifest.xml:28:22-85
20    <uses-permission android:name="android.permission.ACCESS_ADSERVICES_TOPICS" /> <!-- Android package visibility setting -->
20-->[com.google.android.gms:play-services-ads-lite:22.6.0] AndroidManifest.xml:29:5-83
20-->[com.google.android.gms:play-services-ads-lite:22.6.0] AndroidManifest.xml:29:22-80
21    <queries>
21-->[com.google.android.gms:play-services-ads-lite:22.6.0] AndroidManifest.xml:35:5-51:15
22
23        <!-- For browser content -->
24        <intent>
24-->[com.google.android.gms:play-services-ads-lite:22.6.0] AndroidManifest.xml:38:9-44:18
25            <action android:name="android.intent.action.VIEW" />
25-->[com.google.android.gms:play-services-ads-lite:22.6.0] AndroidManifest.xml:39:13-65
25-->[com.google.android.gms:play-services-ads-lite:22.6.0] AndroidManifest.xml:39:21-62
26
27            <category android:name="android.intent.category.BROWSABLE" />
27-->[com.google.android.gms:play-services-ads-lite:22.6.0] AndroidManifest.xml:41:13-74
27-->[com.google.android.gms:play-services-ads-lite:22.6.0] AndroidManifest.xml:41:23-71
28
29            <data android:scheme="https" />
29-->[com.google.android.gms:play-services-ads-lite:22.6.0] AndroidManifest.xml:43:13-44
29-->[com.google.android.gms:play-services-ads-lite:22.6.0] AndroidManifest.xml:43:19-41
30        </intent>
31        <!-- End of browser content -->
32        <!-- For CustomTabsService -->
33        <intent>
33-->[com.google.android.gms:play-services-ads-lite:22.6.0] AndroidManifest.xml:47:9-49:18
34            <action android:name="android.support.customtabs.action.CustomTabsService" />
34-->[com.google.android.gms:play-services-ads-lite:22.6.0] AndroidManifest.xml:48:13-90
34-->[com.google.android.gms:play-services-ads-lite:22.6.0] AndroidManifest.xml:48:21-87
35        </intent>
36        <!-- End of CustomTabsService -->
37    </queries>
38
39    <uses-permission android:name="android.permission.WAKE_LOCK" />
39-->[com.google.android.gms:play-services-measurement-sdk-api:20.1.2] AndroidManifest.xml:25:5-68
39-->[com.google.android.gms:play-services-measurement-sdk-api:20.1.2] AndroidManifest.xml:25:22-65
40    <uses-permission android:name="android.permission.FOREGROUND_SERVICE" />
40-->[androidx.work:work-runtime:2.7.0] AndroidManifest.xml:28:5-77
40-->[androidx.work:work-runtime:2.7.0] AndroidManifest.xml:28:22-74
41
42    <application
42-->Martian-Run/android/AndroidManifest.xml:7:5-30:19
43        android:name="androidx.multidex.MultiDexApplication"
44        android:allowBackup="true"
44-->Martian-Run/android/AndroidManifest.xml:8:9-35
45        android:appCategory="game"
45-->Martian-Run/android/AndroidManifest.xml:12:9-35
46        android:appComponentFactory="androidx.core.app.CoreComponentFactory"
46-->[androidx.core:core:1.8.0] AndroidManifest.xml:24:18-86
47        android:debuggable="true"
48        android:extractNativeLibs="true"
49        android:fullBackupContent="true"
49-->Martian-Run/android/AndroidManifest.xml:9:9-41
50        android:icon="@drawable/ic_launcher"
50-->Martian-Run/android/AndroidManifest.xml:10:9-45
51        android:isGame="true"
51-->Martian-Run/android/AndroidManifest.xml:11:9-30
52        android:label="@string/app_name"
52-->Martian-Run/android/AndroidManifest.xml:13:9-41
53        android:theme="@style/AppTheme" >
53-->Martian-Run/android/AndroidManifest.xml:14:9-40
54        <activity
54-->Martian-Run/android/AndroidManifest.xml:16:9-26:20
55            android:name="com.nminh123.martianrun.AndroidLauncher"
55-->Martian-Run/android/AndroidManifest.xml:17:13-67
56            android:configChanges="keyboard|keyboardHidden|navigation|orientation|screenSize|screenLayout"
56-->Martian-Run/android/AndroidManifest.xml:20:13-107
57            android:exported="true"
57-->Martian-Run/android/AndroidManifest.xml:21:13-36
58            android:label="@string/app_name"
58-->Martian-Run/android/AndroidManifest.xml:18:13-45
59            android:screenOrientation="landscape" >
59-->Martian-Run/android/AndroidManifest.xml:19:13-50
60            <intent-filter>
60-->Martian-Run/android/AndroidManifest.xml:22:13-25:29
61                <action android:name="android.intent.action.MAIN" />
61-->Martian-Run/android/AndroidManifest.xml:23:17-69
61-->Martian-Run/android/AndroidManifest.xml:23:25-66
62
63                <category android:name="android.intent.category.LAUNCHER" />
63-->Martian-Run/android/AndroidManifest.xml:24:17-77
63-->Martian-Run/android/AndroidManifest.xml:24:27-74
64            </intent-filter>
65        </activity>
66
67        <meta-data
67-->Martian-Run/android/AndroidManifest.xml:27:9-29:69
68            android:name="com.google.android.gms.ads.APPLICATION_ID"
68-->Martian-Run/android/AndroidManifest.xml:28:13-69
69            android:value="ca-app-pub-3940256099942544~3347511713" />
69-->Martian-Run/android/AndroidManifest.xml:29:13-67
70        <!-- Include the AdActivity and InAppPurchaseActivity configChanges and themes. -->
71        <activity
71-->[com.google.android.gms:play-services-ads-lite:22.6.0] AndroidManifest.xml:56:9-61:43
72            android:name="com.google.android.gms.ads.AdActivity"
72-->[com.google.android.gms:play-services-ads-lite:22.6.0] AndroidManifest.xml:57:13-65
73            android:configChanges="keyboard|keyboardHidden|orientation|screenLayout|uiMode|screenSize|smallestScreenSize"
73-->[com.google.android.gms:play-services-ads-lite:22.6.0] AndroidManifest.xml:58:13-122
74            android:exported="false"
74-->[com.google.android.gms:play-services-ads-lite:22.6.0] AndroidManifest.xml:59:13-37
75            android:theme="@android:style/Theme.Translucent" />
75-->[com.google.android.gms:play-services-ads-lite:22.6.0] AndroidManifest.xml:60:13-61
76
77        <provider
77-->[com.google.android.gms:play-services-ads-lite:22.6.0] AndroidManifest.xml:63:9-68:43
78            android:name="com.google.android.gms.ads.MobileAdsInitProvider"
78-->[com.google.android.gms:play-services-ads-lite:22.6.0] AndroidManifest.xml:64:13-76
79            android:authorities="com.nminh123.martianrun.mobileadsinitprovider"
79-->[com.google.android.gms:play-services-ads-lite:22.6.0] AndroidManifest.xml:65:13-73
80            android:exported="false"
80-->[com.google.android.gms:play-services-ads-lite:22.6.0] AndroidManifest.xml:66:13-37
81            android:initOrder="100" />
81-->[com.google.android.gms:play-services-ads-lite:22.6.0] AndroidManifest.xml:67:13-36
82
83        <service
83-->[com.google.android.gms:play-services-ads-lite:22.6.0] AndroidManifest.xml:70:9-74:43
84            android:name="com.google.android.gms.ads.AdService"
84-->[com.google.android.gms:play-services-ads-lite:22.6.0] AndroidManifest.xml:71:13-64
85            android:enabled="true"
85-->[com.google.android.gms:play-services-ads-lite:22.6.0] AndroidManifest.xml:72:13-35
86            android:exported="false" />
86-->[com.google.android.gms:play-services-ads-lite:22.6.0] AndroidManifest.xml:73:13-37
87
88        <activity
88-->[com.google.android.gms:play-services-ads-lite:22.6.0] AndroidManifest.xml:76:9-80:43
89            android:name="com.google.android.gms.ads.OutOfContextTestingActivity"
89-->[com.google.android.gms:play-services-ads-lite:22.6.0] AndroidManifest.xml:77:13-82
90            android:configChanges="keyboard|keyboardHidden|orientation|screenLayout|uiMode|screenSize|smallestScreenSize"
90-->[com.google.android.gms:play-services-ads-lite:22.6.0] AndroidManifest.xml:78:13-122
91            android:exported="false" />
91-->[com.google.android.gms:play-services-ads-lite:22.6.0] AndroidManifest.xml:79:13-37
92        <activity
92-->[com.google.android.gms:play-services-ads-lite:22.6.0] AndroidManifest.xml:81:9-88:43
93            android:name="com.google.android.gms.ads.NotificationHandlerActivity"
93-->[com.google.android.gms:play-services-ads-lite:22.6.0] AndroidManifest.xml:82:13-82
94            android:excludeFromRecents="true"
94-->[com.google.android.gms:play-services-ads-lite:22.6.0] AndroidManifest.xml:83:13-46
95            android:exported="false"
95-->[com.google.android.gms:play-services-ads-lite:22.6.0] AndroidManifest.xml:84:13-37
96            android:launchMode="singleTask"
96-->[com.google.android.gms:play-services-ads-lite:22.6.0] AndroidManifest.xml:85:13-44
97            android:taskAffinity=""
97-->[com.google.android.gms:play-services-ads-lite:22.6.0] AndroidManifest.xml:86:13-36
98            android:theme="@android:style/Theme.Translucent.NoTitleBar" />
98-->[com.google.android.gms:play-services-ads-lite:22.6.0] AndroidManifest.xml:87:13-72
99
100        <property
100-->[com.google.android.gms:play-services-ads-lite:22.6.0] AndroidManifest.xml:90:9-92:62
101            android:name="android.adservices.AD_SERVICES_CONFIG"
101-->[com.google.android.gms:play-services-ads-lite:22.6.0] AndroidManifest.xml:91:13-65
102            android:resource="@xml/gma_ad_services_config" />
102-->[com.google.android.gms:play-services-ads-lite:22.6.0] AndroidManifest.xml:92:13-59
103
104        <activity
104-->[com.google.android.gms:play-services-base:18.0.0] AndroidManifest.xml:20:9-22:45
105            android:name="com.google.android.gms.common.api.GoogleApiActivity"
105-->[com.google.android.gms:play-services-base:18.0.0] AndroidManifest.xml:20:19-85
106            android:exported="false"
106-->[com.google.android.gms:play-services-base:18.0.0] AndroidManifest.xml:22:19-43
107            android:theme="@android:style/Theme.Translucent.NoTitleBar" />
107-->[com.google.android.gms:play-services-base:18.0.0] AndroidManifest.xml:21:19-78
108
109        <meta-data
109-->[com.google.android.gms:play-services-basement:18.2.0] AndroidManifest.xml:21:9-23:69
110            android:name="com.google.android.gms.version"
110-->[com.google.android.gms:play-services-basement:18.2.0] AndroidManifest.xml:22:13-58
111            android:value="@integer/google_play_services_version" />
111-->[com.google.android.gms:play-services-basement:18.2.0] AndroidManifest.xml:23:13-66
112
113        <uses-library
113-->[androidx.privacysandbox.ads:ads-adservices:1.0.0-beta05] AndroidManifest.xml:23:9-25:40
114            android:name="android.ext.adservices"
114-->[androidx.privacysandbox.ads:ads-adservices:1.0.0-beta05] AndroidManifest.xml:24:13-50
115            android:required="false" />
115-->[androidx.privacysandbox.ads:ads-adservices:1.0.0-beta05] AndroidManifest.xml:25:13-37
116
117        <provider
117-->[androidx.work:work-runtime:2.7.0] AndroidManifest.xml:31:9-39:20
118            android:name="androidx.startup.InitializationProvider"
118-->[androidx.work:work-runtime:2.7.0] AndroidManifest.xml:32:13-67
119            android:authorities="com.nminh123.martianrun.androidx-startup"
119-->[androidx.work:work-runtime:2.7.0] AndroidManifest.xml:33:13-68
120            android:exported="false" >
120-->[androidx.work:work-runtime:2.7.0] AndroidManifest.xml:34:13-37
121            <meta-data
121-->[androidx.work:work-runtime:2.7.0] AndroidManifest.xml:36:13-38:52
122                android:name="androidx.work.WorkManagerInitializer"
122-->[androidx.work:work-runtime:2.7.0] AndroidManifest.xml:37:17-68
123                android:value="androidx.startup" />
123-->[androidx.work:work-runtime:2.7.0] AndroidManifest.xml:38:17-49
124        </provider>
125
126        <service
126-->[androidx.work:work-runtime:2.7.0] AndroidManifest.xml:41:9-46:35
127            android:name="androidx.work.impl.background.systemalarm.SystemAlarmService"
127-->[androidx.work:work-runtime:2.7.0] AndroidManifest.xml:42:13-88
128            android:directBootAware="false"
128-->[androidx.work:work-runtime:2.7.0] AndroidManifest.xml:43:13-44
129            android:enabled="@bool/enable_system_alarm_service_default"
129-->[androidx.work:work-runtime:2.7.0] AndroidManifest.xml:44:13-72
130            android:exported="false" />
130-->[androidx.work:work-runtime:2.7.0] AndroidManifest.xml:45:13-37
131        <service
131-->[androidx.work:work-runtime:2.7.0] AndroidManifest.xml:47:9-53:35
132            android:name="androidx.work.impl.background.systemjob.SystemJobService"
132-->[androidx.work:work-runtime:2.7.0] AndroidManifest.xml:48:13-84
133            android:directBootAware="false"
133-->[androidx.work:work-runtime:2.7.0] AndroidManifest.xml:49:13-44
134            android:enabled="@bool/enable_system_job_service_default"
134-->[androidx.work:work-runtime:2.7.0] AndroidManifest.xml:50:13-70
135            android:exported="true"
135-->[androidx.work:work-runtime:2.7.0] AndroidManifest.xml:51:13-36
136            android:permission="android.permission.BIND_JOB_SERVICE" />
136-->[androidx.work:work-runtime:2.7.0] AndroidManifest.xml:52:13-69
137        <service
137-->[androidx.work:work-runtime:2.7.0] AndroidManifest.xml:54:9-59:35
138            android:name="androidx.work.impl.foreground.SystemForegroundService"
138-->[androidx.work:work-runtime:2.7.0] AndroidManifest.xml:55:13-81
139            android:directBootAware="false"
139-->[androidx.work:work-runtime:2.7.0] AndroidManifest.xml:56:13-44
140            android:enabled="@bool/enable_system_foreground_service_default"
140-->[androidx.work:work-runtime:2.7.0] AndroidManifest.xml:57:13-77
141            android:exported="false" />
141-->[androidx.work:work-runtime:2.7.0] AndroidManifest.xml:58:13-37
142
143        <receiver
143-->[androidx.work:work-runtime:2.7.0] AndroidManifest.xml:61:9-66:35
144            android:name="androidx.work.impl.utils.ForceStopRunnable$BroadcastReceiver"
144-->[androidx.work:work-runtime:2.7.0] AndroidManifest.xml:62:13-88
145            android:directBootAware="false"
145-->[androidx.work:work-runtime:2.7.0] AndroidManifest.xml:63:13-44
146            android:enabled="true"
146-->[androidx.work:work-runtime:2.7.0] AndroidManifest.xml:64:13-35
147            android:exported="false" />
147-->[androidx.work:work-runtime:2.7.0] AndroidManifest.xml:65:13-37
148        <receiver
148-->[androidx.work:work-runtime:2.7.0] AndroidManifest.xml:67:9-77:20
149            android:name="androidx.work.impl.background.systemalarm.ConstraintProxy$BatteryChargingProxy"
149-->[androidx.work:work-runtime:2.7.0] AndroidManifest.xml:68:13-106
150            android:directBootAware="false"
150-->[androidx.work:work-runtime:2.7.0] AndroidManifest.xml:69:13-44
151            android:enabled="false"
151-->[androidx.work:work-runtime:2.7.0] AndroidManifest.xml:70:13-36
152            android:exported="false" >
152-->[androidx.work:work-runtime:2.7.0] AndroidManifest.xml:71:13-37
153            <intent-filter>
153-->[androidx.work:work-runtime:2.7.0] AndroidManifest.xml:73:13-76:29
154                <action android:name="android.intent.action.ACTION_POWER_CONNECTED" />
154-->[androidx.work:work-runtime:2.7.0] AndroidManifest.xml:74:17-87
154-->[androidx.work:work-runtime:2.7.0] AndroidManifest.xml:74:25-84
155                <action android:name="android.intent.action.ACTION_POWER_DISCONNECTED" />
155-->[androidx.work:work-runtime:2.7.0] AndroidManifest.xml:75:17-90
155-->[androidx.work:work-runtime:2.7.0] AndroidManifest.xml:75:25-87
156            </intent-filter>
157        </receiver>
158        <receiver
158-->[androidx.work:work-runtime:2.7.0] AndroidManifest.xml:78:9-88:20
159            android:name="androidx.work.impl.background.systemalarm.ConstraintProxy$BatteryNotLowProxy"
159-->[androidx.work:work-runtime:2.7.0] AndroidManifest.xml:79:13-104
160            android:directBootAware="false"
160-->[androidx.work:work-runtime:2.7.0] AndroidManifest.xml:80:13-44
161            android:enabled="false"
161-->[androidx.work:work-runtime:2.7.0] AndroidManifest.xml:81:13-36
162            android:exported="false" >
162-->[androidx.work:work-runtime:2.7.0] AndroidManifest.xml:82:13-37
163            <intent-filter>
163-->[androidx.work:work-runtime:2.7.0] AndroidManifest.xml:84:13-87:29
164                <action android:name="android.intent.action.BATTERY_OKAY" />
164-->[androidx.work:work-runtime:2.7.0] AndroidManifest.xml:85:17-77
164-->[androidx.work:work-runtime:2.7.0] AndroidManifest.xml:85:25-74
165                <action android:name="android.intent.action.BATTERY_LOW" />
165-->[androidx.work:work-runtime:2.7.0] AndroidManifest.xml:86:17-76
165-->[androidx.work:work-runtime:2.7.0] AndroidManifest.xml:86:25-73
166            </intent-filter>
167        </receiver>
168        <receiver
168-->[androidx.work:work-runtime:2.7.0] AndroidManifest.xml:89:9-99:20
169            android:name="androidx.work.impl.background.systemalarm.ConstraintProxy$StorageNotLowProxy"
169-->[androidx.work:work-runtime:2.7.0] AndroidManifest.xml:90:13-104
170            android:directBootAware="false"
170-->[androidx.work:work-runtime:2.7.0] AndroidManifest.xml:91:13-44
171            android:enabled="false"
171-->[androidx.work:work-runtime:2.7.0] AndroidManifest.xml:92:13-36
172            android:exported="false" >
172-->[androidx.work:work-runtime:2.7.0] AndroidManifest.xml:93:13-37
173            <intent-filter>
173-->[androidx.work:work-runtime:2.7.0] AndroidManifest.xml:95:13-98:29
174                <action android:name="android.intent.action.DEVICE_STORAGE_LOW" />
174-->[androidx.work:work-runtime:2.7.0] AndroidManifest.xml:96:17-83
174-->[androidx.work:work-runtime:2.7.0] AndroidManifest.xml:96:25-80
175                <action android:name="android.intent.action.DEVICE_STORAGE_OK" />
175-->[androidx.work:work-runtime:2.7.0] AndroidManifest.xml:97:17-82
175-->[androidx.work:work-runtime:2.7.0] AndroidManifest.xml:97:25-79
176            </intent-filter>
177        </receiver>
178        <receiver
178-->[androidx.work:work-runtime:2.7.0] AndroidManifest.xml:100:9-109:20
179            android:name="androidx.work.impl.background.systemalarm.ConstraintProxy$NetworkStateProxy"
179-->[androidx.work:work-runtime:2.7.0] AndroidManifest.xml:101:13-103
180            android:directBootAware="false"
180-->[androidx.work:work-runtime:2.7.0] AndroidManifest.xml:102:13-44
181            android:enabled="false"
181-->[androidx.work:work-runtime:2.7.0] AndroidManifest.xml:103:13-36
182            android:exported="false" >
182-->[androidx.work:work-runtime:2.7.0] AndroidManifest.xml:104:13-37
183            <intent-filter>
183-->[androidx.work:work-runtime:2.7.0] AndroidManifest.xml:106:13-108:29
184                <action android:name="android.net.conn.CONNECTIVITY_CHANGE" />
184-->[androidx.work:work-runtime:2.7.0] AndroidManifest.xml:107:17-79
184-->[androidx.work:work-runtime:2.7.0] AndroidManifest.xml:107:25-76
185            </intent-filter>
186        </receiver>
187        <receiver
187-->[androidx.work:work-runtime:2.7.0] AndroidManifest.xml:110:9-121:20
188            android:name="androidx.work.impl.background.systemalarm.RescheduleReceiver"
188-->[androidx.work:work-runtime:2.7.0] AndroidManifest.xml:111:13-88
189            android:directBootAware="false"
189-->[androidx.work:work-runtime:2.7.0] AndroidManifest.xml:112:13-44
190            android:enabled="false"
190-->[androidx.work:work-runtime:2.7.0] AndroidManifest.xml:113:13-36
191            android:exported="false" >
191-->[androidx.work:work-runtime:2.7.0] AndroidManifest.xml:114:13-37
192            <intent-filter>
192-->[androidx.work:work-runtime:2.7.0] AndroidManifest.xml:116:13-120:29
193                <action android:name="android.intent.action.BOOT_COMPLETED" />
193-->[androidx.work:work-runtime:2.7.0] AndroidManifest.xml:117:17-79
193-->[androidx.work:work-runtime:2.7.0] AndroidManifest.xml:117:25-76
194                <action android:name="android.intent.action.TIME_SET" />
194-->[androidx.work:work-runtime:2.7.0] AndroidManifest.xml:118:17-73
194-->[androidx.work:work-runtime:2.7.0] AndroidManifest.xml:118:25-70
195                <action android:name="android.intent.action.TIMEZONE_CHANGED" />
195-->[androidx.work:work-runtime:2.7.0] AndroidManifest.xml:119:17-81
195-->[androidx.work:work-runtime:2.7.0] AndroidManifest.xml:119:25-78
196            </intent-filter>
197        </receiver>
198        <receiver
198-->[androidx.work:work-runtime:2.7.0] AndroidManifest.xml:122:9-131:20
199            android:name="androidx.work.impl.background.systemalarm.ConstraintProxyUpdateReceiver"
199-->[androidx.work:work-runtime:2.7.0] AndroidManifest.xml:123:13-99
200            android:directBootAware="false"
200-->[androidx.work:work-runtime:2.7.0] AndroidManifest.xml:124:13-44
201            android:enabled="@bool/enable_system_alarm_service_default"
201-->[androidx.work:work-runtime:2.7.0] AndroidManifest.xml:125:13-72
202            android:exported="false" >
202-->[androidx.work:work-runtime:2.7.0] AndroidManifest.xml:126:13-37
203            <intent-filter>
203-->[androidx.work:work-runtime:2.7.0] AndroidManifest.xml:128:13-130:29
204                <action android:name="androidx.work.impl.background.systemalarm.UpdateProxies" />
204-->[androidx.work:work-runtime:2.7.0] AndroidManifest.xml:129:17-98
204-->[androidx.work:work-runtime:2.7.0] AndroidManifest.xml:129:25-95
205            </intent-filter>
206        </receiver>
207        <receiver
207-->[androidx.work:work-runtime:2.7.0] AndroidManifest.xml:132:9-142:20
208            android:name="androidx.work.impl.diagnostics.DiagnosticsReceiver"
208-->[androidx.work:work-runtime:2.7.0] AndroidManifest.xml:133:13-78
209            android:directBootAware="false"
209-->[androidx.work:work-runtime:2.7.0] AndroidManifest.xml:134:13-44
210            android:enabled="true"
210-->[androidx.work:work-runtime:2.7.0] AndroidManifest.xml:135:13-35
211            android:exported="true"
211-->[androidx.work:work-runtime:2.7.0] AndroidManifest.xml:136:13-36
212            android:permission="android.permission.DUMP" >
212-->[androidx.work:work-runtime:2.7.0] AndroidManifest.xml:137:13-57
213            <intent-filter>
213-->[androidx.work:work-runtime:2.7.0] AndroidManifest.xml:139:13-141:29
214                <action android:name="androidx.work.diagnostics.REQUEST_DIAGNOSTICS" />
214-->[androidx.work:work-runtime:2.7.0] AndroidManifest.xml:140:17-88
214-->[androidx.work:work-runtime:2.7.0] AndroidManifest.xml:140:25-85
215            </intent-filter>
216        </receiver>
217
218        <service
218-->[androidx.room:room-runtime:2.2.5] AndroidManifest.xml:25:9-28:40
219            android:name="androidx.room.MultiInstanceInvalidationService"
219-->[androidx.room:room-runtime:2.2.5] AndroidManifest.xml:26:13-74
220            android:directBootAware="true"
220-->[androidx.room:room-runtime:2.2.5] AndroidManifest.xml:27:13-43
221            android:exported="false" />
221-->[androidx.room:room-runtime:2.2.5] AndroidManifest.xml:28:13-37
222    </application>
223
224</manifest>